2025-02-21 [16:19:42.677] [Server thread/INFO]: Loading server configuration
2025-02-21 [16:19:42.702] [Server thread/INFO]: Selected English (eng) as the base language
2025-02-21 [16:19:42.703] [Server thread/INFO]: Starting Minecraft: Bedrock Edition server version v1.21.60
2025-02-21 [16:19:42.725] [Server thread/INFO]: Online mode is enabled. The server will verify that players are authenticated to Xbox Live.
2025-02-21 [16:19:43.425] [Server thread/INFO]: This server is running PocketMine-MP version 5.25.0
2025-02-21 [16:19:43.425] [Server thread/INFO]: PocketMine-MP is distributed under the LGPL License
2025-02-21 [16:19:43.745] [Server thread/INFO]: Loading resource packs...
2025-02-21 [16:19:43.936] [Server thread/INFO]: Preparing world "world"
2025-02-21 [16:19:43.952] [Server thread/NOTICE]: Spawn terrain for world "world" is being generated in the background
2025-02-21 [16:19:44.370] [Server thread/INFO]: Minecraft network interface running on 0.0.0.0:19132
2025-02-21 [16:19:44.370] [Server thread/INFO]: GS4 Query listener running on 0.0.0.0:19132
2025-02-21 [16:19:44.378] [Server thread/INFO]: Minecraft network interface running on [::]:19133
2025-02-21 [16:19:44.378] [Server thread/INFO]: GS4 Query listener running on [::]:19133
2025-02-21 [16:19:44.379] [Server thread/INFO]: Default game type: Survival Mode
2025-02-21 [16:19:44.379] [Server thread/INFO]: If you find this project useful, please consider donating to support development: https://patreon.com/pocketminemp
2025-02-21 [16:19:44.380] [Server thread/INFO]: Done (1.707s)! For help, type "help" or "?"
2025-02-21 [16:19:44.837] [Server thread/INFO]: [World: world] Generating spawn terrain: 1 / 224 (0%)
2025-02-21 [16:19:45.607] [Server thread/INFO]: [World: world] Generating spawn terrain: 23 / 224 (10%)
2025-02-21 [16:19:45.759] [Server thread/INFO]: [World: world] Generating spawn terrain: 45 / 224 (20%)
2025-02-21 [16:19:46.017] [Server thread/INFO]: [World: world] Generating spawn terrain: 68 / 224 (30%)
2025-02-21 [16:19:46.113] [Server thread/INFO]: [World: world] Generating spawn terrain: 90 / 224 (40%)
2025-02-21 [16:19:46.292] [Server thread/INFO]: [World: world] Generating spawn terrain: 112 / 224 (50%)
2025-02-21 [16:19:46.512] [Server thread/INFO]: [World: world] Generating spawn terrain: 135 / 224 (60%)
2025-02-21 [16:19:46.621] [Server thread/INFO]: [World: world] Generating spawn terrain: 157 / 224 (70%)
2025-02-21 [16:19:46.748] [Server thread/INFO]: [World: world] Generating spawn terrain: 180 / 224 (80%)
2025-02-21 [16:19:46.992] [Server thread/INFO]: [World: world] Generating spawn terrain: 202 / 224 (90%)
2025-02-21 [16:19:47.273] [Server thread/INFO]: [World: world] Generating spawn terrain: 224 / 224 (100%)
